# This file is part of the TangoMan package.
#
# (c) "Matthias Morin" <mat@tangoman.io>
#
# This source file is subject to the MIT license that is bundled
# with this source code in the file LICENSE.

../../src/shell/header.sh
description.sh

../../src/shell/dividers/constants.sh

../../src/shell/dividers/options.sh
options.sh

../../src/shell/dividers/flags.sh
flags.sh

../../src/shell/dividers/private_constants.sh

../../src/shell/dividers/global_variables.sh

../../src/shell/dividers/functions.sh
dump.sh
list.sh

build.sh
build_all.sh

../../src/shell/documentation/section.sh
generate_doc.sh
generate_doc_all.sh

../../src/shell/make/section.sh
generate_makefile.sh
generate_makefile_all.sh

../../src/shell/dividers/private_functions.sh
_build.sh

#--------------------------------------------------
# Install
#--------------------------------------------------

../../src/shell/install/section.sh
../../src/shell/install/self_install.sh
../../src/shell/install/self_uninstall.sh
../../src/shell/install/self_update.sh

#--------------------------------------------------
# Help
#--------------------------------------------------

../../src/shell/help/section.sh
../../src/shell/help/help.sh

#--------------------------------------------------
# Hooks
#--------------------------------------------------

../../src/shell/hooks/divider.sh
../../src/shell/hooks/_default.sh
../../src/shell/hooks/_before.sh
../../src/shell/hooks/_after.sh

#--------------------------------------------------
# Framework
#--------------------------------------------------

../../src/shell/dividers/framework.sh

#--------------------------------------------------
# Bashdoc
#--------------------------------------------------

../../src/shell/shoedoc/divider.sh
../../src/shell/shoedoc/_get_shoedoc_description.sh
../../src/shell/shoedoc/_get_shoedoc.sh
../../src/shell/shoedoc/_get_shoedoc_tag.sh
../../src/shell/shoedoc/_get_shoedoc_title.sh
../../src/shell/shoedoc/_get_script_shoedoc.sh

#--------------------------------------------------
# Colors
#--------------------------------------------------

../../src/shell/colors/divider.sh
../../src/shell/colors/constants_echo_colors.sh
../../src/shell/colors/constants_alert_colors.sh
../../src/shell/colors/colors.sh

#--------------------------------------------------
# Compatibility
#--------------------------------------------------

../../src/shell/compatibility/divider.sh
../../src/shell/compatibility/_sed_i.sh

#--------------------------------------------------
# Documentation
#--------------------------------------------------

../../src/shell/documentation/divider.sh
../../src/shell/documentation/_generate_doc.sh

#--------------------------------------------------
# Help
#--------------------------------------------------

../../src/shell/help/divider.sh
../../src/shell/help/_help.sh
../../src/shell/help/_print_commands.sh
../../src/shell/help/_print_constants.sh
../../src/shell/help/_print_description.sh
../../src/shell/help/_print_flags.sh
../../src/shell/help/_print_infos.sh
../../src/shell/help/_print_options.sh
../../src/shell/help/_print_usage.sh

#--------------------------------------------------
# Self Install
#--------------------------------------------------

../../src/shell/install/divider.sh
../../src/shell/install/_copy_install.sh
../../src/shell/install/_generate_autocomplete.sh
../../src/shell/install/_generate_global_autocomplete.sh
../../src/shell/install/_get_comspec.sh
../../src/shell/install/_install.sh
../../src/shell/install/_remove_completion_autoload.sh
../../src/shell/install/_set_completion_autoload.sh
../../src/shell/install/_symlink_install.sh
../../src/shell/install/_uninstall.sh
../../src/shell/install/_update.sh

#--------------------------------------------------
# Make
#--------------------------------------------------

../../src/shell/make/divider.sh
../../src/shell/make/_generate_makefile.sh

#--------------------------------------------------
# Reflexion
#--------------------------------------------------

../../src/shell/reflexion/divider.sh
../../src/shell/reflexion/_get_constants.sh
../../src/shell/reflexion/_get_constraint.sh
../../src/shell/reflexion/_get_flags.sh
../../src/shell/reflexion/_get_function.sh
../../src/shell/reflexion/_get_function_annotation.sh
../../src/shell/reflexion/_get_functions_names.sh
../../src/shell/reflexion/_get_options.sh
../../src/shell/reflexion/_get_padding.sh
../../src/shell/reflexion/_get_parameter.sh
../../src/shell/reflexion/_parse_annotation.sh
../../src/shell/reflexion/_set_parameter.sh

#--------------------------------------------------
# Strings
#--------------------------------------------------

../../src/shell/strings/divider.sh
../../src/shell/strings/_collapse_blank_lines.sh

#--------------------------------------------------
# System
#--------------------------------------------------

../../src/shell/system/divider.sh
../../src/shell/system/_check_installed.sh
../../src/shell/system/_get_package_name.sh
../../src/shell/system/_is_installed.sh
../../src/shell/system/_pwd.sh

#--------------------------------------------------
# Validation
#--------------------------------------------------

../../src/shell/validation/divider.sh
../../src/shell/validation/_is_valid.sh
../../src/shell/validation/_validate.sh

#--------------------------------------------------
# Kernel
#--------------------------------------------------

../../src/shell/kernel/divider.sh
../../src/shell/kernel/kernel.sh
../../src/shell/footer.sh

