#/*
# * This file is part of the TangoMan Shoe Shell Microframework package.
# *
# * Copyright (c) 2024 "Matthias Morin" <mat@tangoman.io>
# *
# * This source file is subject to the MIT license that is bundled
# * with this source code in the file LICENSE.
# */

../common/header.sh
description.sh

../common/dividers/constants.sh

../common/dividers/options.sh
options.sh

../common/dividers/functions.sh
dedupe_lines.sh

../common/dividers/private_functions.sh
../common/demo/_private.sh

../common/hooks/divider.sh
../common/hooks/_before.sh
../common/hooks/_after_sm.sh

#--------------------------------------------------
# Framework
#--------------------------------------------------

../common/dividers/framework.sh

../common/colors/divider.sh
../common/colors/colors_constants.sh
../common/colors/colors.sh

../common/help/section.sh
../common/help/help_md.sh
../common/help/_get_padding.sh
../common/help/_print_title.sh
../common/help/_print_infos.sh
../common/help/_print_description.sh
../common/help/_print_usage.sh
../common/help/_print_flags.sh
../common/help/_print_options.sh
../common/help/_print_commands.sh

../common/docbloc/divider.sh
../common/docbloc/_get_docbloc.sh
../common/docbloc/_get_docbloc_description.sh
../common/docbloc/_get_docbloc_title.sh

../common/system/divider.sh
../common/system/_pwd.sh

../common/validation/divider.sh
../common/validation/_is_valid.sh
../common/validation/_validate.sh

../common/reflexion/divider.sh
../common/reflexion/_get_constraint.sh
../common/reflexion/_get_functions_names.sh
../common/reflexion/_get_options.sh

../common/main/main_md.sh

../common/footer.sh

