hello
install
uninstall
update
_private
_before
_after
colors
help
_print_title
_print_infos
_print_description
_print_usage
_print_constants
_print_flags
_print_options
_print_commands
_get_docbloc_title
_get_docbloc_description
_get_docbloc
_get_padding
_symlink_install
_copy_install
_uninstall
_update
_set_autocomplete
_set_global_autocomplete
_comspec
_set_completion_autoload
_remove_completion_autoload
_is_root
_require
_is_installed
_get_constraints
_validate
_is_valid
_get_functions_names
_get_variables
_get_flags
_main
